2024-01-19 13:18:15.687 [info] Log level: Info
2024-01-19 13:18:15.687 [info] Validating found git in: "git"
2024-01-19 13:18:15.687 [info] Using git "2.39.3" from "git"
2024-01-19 13:18:15.687 [info] > git rev-parse --show-toplevel [1ms]
2024-01-19 13:18:15.687 [info] fatal: not a git repository (or any parent up to mount point /)
Stopping at filesystem boundary (GIT_DISCOVERY_ACROSS_FILESYSTEM not set).
2024-01-19 13:18:15.687 [info] > git rev-parse --show-toplevel [1ms]
2024-01-19 13:18:15.687 [info] fatal: not a git repository (or any parent up to mount point /)
Stopping at filesystem boundary (GIT_DISCOVERY_ACROSS_FILESYSTEM not set).
2024-01-19 13:18:15.687 [info] > git rev-parse --show-toplevel [2ms]
2024-01-19 13:18:15.687 [info] fatal: not a git repository (or any parent up to mount point /)
Stopping at filesystem boundary (GIT_DISCOVERY_ACROSS_FILESYSTEM not set).
2024-01-19 13:18:15.687 [info] > git rev-parse --show-toplevel [1ms]
2024-01-19 13:18:15.687 [info] fatal: not a git repository (or any parent up to mount point /)
Stopping at filesystem boundary (GIT_DISCOVERY_ACROSS_FILESYSTEM not set).
2024-01-19 13:18:15.687 [info] > git rev-parse --show-toplevel [1ms]
2024-01-19 13:18:15.687 [info] fatal: not a git repository (or any parent up to mount point /)
Stopping at filesystem boundary (GIT_DISCOVERY_ACROSS_FILESYSTEM not set).
2024-01-19 13:18:15.692 [info] > git rev-parse --show-toplevel [0ms]
2024-01-19 13:18:15.692 [info] fatal: not a git repository (or any parent up to mount point /)
Stopping at filesystem boundary (GIT_DISCOVERY_ACROSS_FILESYSTEM not set).
2024-01-19 13:18:15.696 [info] > git rev-parse --show-toplevel [1ms]
2024-01-19 13:18:15.696 [info] fatal: not a git repository (or any parent up to mount point /)
Stopping at filesystem boundary (GIT_DISCOVERY_ACROSS_FILESYSTEM not set).
