2024-01-19 17:50:18.472 [info] Log level: Info
2024-01-19 17:50:18.473 [info] Validating found git in: "git"
2024-01-19 17:50:18.473 [info] Using git "2.39.3" from "git"
2024-01-19 17:50:18.473 [info] > git rev-parse --show-toplevel [2ms]
2024-01-19 17:50:18.473 [info] fatal: not a git repository (or any parent up to mount point /)
Stopping at filesystem boundary (GIT_DISCOVERY_ACROSS_FILESYSTEM not set).
2024-01-19 17:50:18.473 [info] > git rev-parse --show-toplevel [0ms]
2024-01-19 17:50:18.473 [info] fatal: not a git repository (or any parent up to mount point /)
Stopping at filesystem boundary (GIT_DISCOVERY_ACROSS_FILESYSTEM not set).
2024-01-19 17:50:18.473 [info] > git rev-parse --show-toplevel [1ms]
2024-01-19 17:50:18.473 [info] fatal: not a git repository (or any parent up to mount point /)
Stopping at filesystem boundary (GIT_DISCOVERY_ACROSS_FILESYSTEM not set).
2024-01-19 17:50:18.473 [info] > git rev-parse --show-toplevel [1ms]
2024-01-19 17:50:18.473 [info] fatal: not a git repository (or any parent up to mount point /)
Stopping at filesystem boundary (GIT_DISCOVERY_ACROSS_FILESYSTEM not set).
2024-01-19 17:50:18.473 [info] > git rev-parse --show-toplevel [1ms]
2024-01-19 17:50:18.473 [info] fatal: not a git repository (or any parent up to mount point /)
Stopping at filesystem boundary (GIT_DISCOVERY_ACROSS_FILESYSTEM not set).
2024-01-19 17:50:18.473 [info] > git rev-parse --show-toplevel [0ms]
2024-01-19 17:50:18.473 [info] fatal: not a git repository (or any parent up to mount point /)
Stopping at filesystem boundary (GIT_DISCOVERY_ACROSS_FILESYSTEM not set).
2024-01-19 17:50:18.473 [info] > git rev-parse --show-toplevel [1ms]
2024-01-19 17:50:18.473 [info] fatal: not a git repository (or any parent up to mount point /)
Stopping at filesystem boundary (GIT_DISCOVERY_ACROSS_FILESYSTEM not set).
2024-01-19 17:50:25.837 [info] > git rev-parse --show-toplevel [1ms]
2024-01-19 17:50:25.837 [info] fatal: not a git repository (or any parent up to mount point /)
Stopping at filesystem boundary (GIT_DISCOVERY_ACROSS_FILESYSTEM not set).
