*
* Visual Studio Code Server
*
* By using the software, you agree to
* the Visual Studio Code Server License Terms (https://aka.ms/vscode-server-license) and
* the Microsoft Privacy Statement (https://privacy.microsoft.com/en-US/privacystatement).
*
Server bound to 127.0.0.1:42011 (IPv4)
Extension host agent listening on 42011

[15:21:54] 




[15:21:54] Extension host agent started.
[15:21:54] [127.0.0.1][0085d1f7][ManagementConnection] New connection established.
[15:21:54] [127.0.0.1][acf261ab][ExtensionHostConnection] New connection established.
[15:21:54] [127.0.0.1][acf261ab][ExtensionHostConnection] <3363017> Launched Extension Host Process.
[15:22:06] [127.0.0.1][0085d1f7][ManagementConnection] The client has disconnected gracefully, so the connection will be disposed.
[15:22:06] [127.0.0.1][acf261ab][ExtensionHostConnection] <3363017> Extension Host Process exited with code: 0, signal: null.
Cancelling previous shutdown timeout
[15:22:06] Cancelling previous shutdown timeout
Last EH closed, waiting before shutting down
[15:22:06] Last EH closed, waiting before shutting down
Got delay-shutdown request while in shutdown timeout, delaying
[15:22:15] Got delay-shutdown request while in shutdown timeout, delaying
Cancelling previous shutdown timeout
[15:22:15] Cancelling previous shutdown timeout
[15:22:15] [127.0.0.1][738b1feb][ManagementConnection] New connection established.
[15:22:15] [127.0.0.1][072ce07d][ExtensionHostConnection] New connection established.
[15:22:15] [127.0.0.1][072ce07d][ExtensionHostConnection] <3365813> Launched Extension Host Process.
rejected promise not handled within 1 second: CodeExpectedError: Could not find pty on pty host
stack trace: CodeExpectedError: Could not find pty on pty host
    at A.U (/data/home/csmajs/hmai015/.vscode-server/bin/0ee08df0cf4527e40edc9aa28f4b5bd38bbff2b2/out/vs/platform/terminal/node/ptyHostMain.js:43:32377)
    at A.updateTitle (/data/home/csmajs/hmai015/.vscode-server/bin/0ee08df0cf4527e40edc9aa28f4b5bd38bbff2b2/out/vs/platform/terminal/node/ptyHostMain.js:43:27509)
    at T.<computed> (/data/home/csmajs/hmai015/.vscode-server/bin/0ee08df0cf4527e40edc9aa28f4b5bd38bbff2b2/out/vs/platform/terminal/node/ptyHostMain.js:43:22735)
    at Object.call (/data/home/csmajs/hmai015/.vscode-server/bin/0ee08df0cf4527e40edc9aa28f4b5bd38bbff2b2/out/vs/platform/terminal/node/ptyHostMain.js:34:5041)
    at g.s (/data/home/csmajs/hmai015/.vscode-server/bin/0ee08df0cf4527e40edc9aa28f4b5bd38bbff2b2/out/vs/platform/terminal/node/ptyHostMain.js:32:5153)
    at g.q (/data/home/csmajs/hmai015/.vscode-server/bin/0ee08df0cf4527e40edc9aa28f4b5bd38bbff2b2/out/vs/platform/terminal/node/ptyHostMain.js:32:4662)
    at a.value (/data/home/csmajs/hmai015/.vscode-server/bin/0ee08df0cf4527e40edc9aa28f4b5bd38bbff2b2/out/vs/platform/terminal/node/ptyHostMain.js:32:4064)
    at i.y (/data/home/csmajs/hmai015/.vscode-server/bin/0ee08df0cf4527e40edc9aa28f4b5bd38bbff2b2/out/vs/platform/terminal/node/ptyHostMain.js:27:1906)
    at i.fire (/data/home/csmajs/hmai015/.vscode-server/bin/0ee08df0cf4527e40edc9aa28f4b5bd38bbff2b2/out/vs/platform/terminal/node/ptyHostMain.js:27:2123)
    at process.ce (/data/home/csmajs/hmai015/.vscode-server/bin/0ee08df0cf4527e40edc9aa28f4b5bd38bbff2b2/out/vs/platform/terminal/node/ptyHostMain.js:25:10117)
    at process.emit (node:events:513:28)
    at emit (node:internal/child_process:937:14)
    at process.processTicksAndRejections (node:internal/process/task_queues:83:21)
[15:22:18] Error [CodeExpectedError]: Could not find pty on pty host
    at A.U (/data/home/csmajs/hmai015/.vscode-server/bin/0ee08df0cf4527e40edc9aa28f4b5bd38bbff2b2/out/vs/platform/terminal/node/ptyHostMain.js:43:32377)
    at A.updateTitle (/data/home/csmajs/hmai015/.vscode-server/bin/0ee08df0cf4527e40edc9aa28f4b5bd38bbff2b2/out/vs/platform/terminal/node/ptyHostMain.js:43:27509)
    at T.<computed> (/data/home/csmajs/hmai015/.vscode-server/bin/0ee08df0cf4527e40edc9aa28f4b5bd38bbff2b2/out/vs/platform/terminal/node/ptyHostMain.js:43:22735)
    at Object.call (/data/home/csmajs/hmai015/.vscode-server/bin/0ee08df0cf4527e40edc9aa28f4b5bd38bbff2b2/out/vs/platform/terminal/node/ptyHostMain.js:34:5041)
    at g.s (/data/home/csmajs/hmai015/.vscode-server/bin/0ee08df0cf4527e40edc9aa28f4b5bd38bbff2b2/out/vs/platform/terminal/node/ptyHostMain.js:32:5153)
    at g.q (/data/home/csmajs/hmai015/.vscode-server/bin/0ee08df0cf4527e40edc9aa28f4b5bd38bbff2b2/out/vs/platform/terminal/node/ptyHostMain.js:32:4662)
    at a.value (/data/home/csmajs/hmai015/.vscode-server/bin/0ee08df0cf4527e40edc9aa28f4b5bd38bbff2b2/out/vs/platform/terminal/node/ptyHostMain.js:32:4064)
    at i.y (/data/home/csmajs/hmai015/.vscode-server/bin/0ee08df0cf4527e40edc9aa28f4b5bd38bbff2b2/out/vs/platform/terminal/node/ptyHostMain.js:27:1906)
    at i.fire (/data/home/csmajs/hmai015/.vscode-server/bin/0ee08df0cf4527e40edc9aa28f4b5bd38bbff2b2/out/vs/platform/terminal/node/ptyHostMain.js:27:2123)
    at process.ce (/data/home/csmajs/hmai015/.vscode-server/bin/0ee08df0cf4527e40edc9aa28f4b5bd38bbff2b2/out/vs/platform/terminal/node/ptyHostMain.js:25:10117)
    at process.emit (node:events:513:28)
    at emit (node:internal/child_process:937:14)
    at process.processTicksAndRejections (node:internal/process/task_queues:83:21)
[15:22:56] [127.0.0.1][738b1feb][ManagementConnection] The client has disconnected gracefully, so the connection will be disposed.
[15:22:56] [127.0.0.1][072ce07d][ExtensionHostConnection] <3365813> Extension Host Process exited with code: 0, signal: null.
Cancelling previous shutdown timeout
[15:22:56] Cancelling previous shutdown timeout
Last EH closed, waiting before shutting down
[15:22:56] Last EH closed, waiting before shutting down
Last EH closed, shutting down
[15:27:56] Last EH closed, shutting down
