*
* Visual Studio Code Server
*
* By using the software, you agree to
* the Visual Studio Code Server License Terms (https://aka.ms/vscode-server-license) and
* the Microsoft Privacy Statement (https://privacy.microsoft.com/en-US/privacystatement).
*
Server bound to 127.0.0.1:38281 (IPv4)
Extension host agent listening on 38281

[23:13:29] 




[23:13:29] Extension host agent started.
[23:13:30] [127.0.0.1][b600d749][ManagementConnection] New connection established.
[23:13:30] [127.0.0.1][14bd400b][ExtensionHostConnection] New connection established.
[23:13:30] [127.0.0.1][14bd400b][ExtensionHostConnection] <3413121> Launched Extension Host Process.
[23:13:34] [127.0.0.1][b600d749][ManagementConnection] The client has disconnected gracefully, so the connection will be disposed.
[23:13:34] [127.0.0.1][14bd400b][ExtensionHostConnection] <3413121> Extension Host Process exited with code: 0, signal: null.
Cancelling previous shutdown timeout
[23:13:34] Cancelling previous shutdown timeout
Last EH closed, waiting before shutting down
[23:13:34] Last EH closed, waiting before shutting down
Got delay-shutdown request while in shutdown timeout, delaying
[23:13:41] Got delay-shutdown request while in shutdown timeout, delaying
Cancelling previous shutdown timeout
[23:13:41] Cancelling previous shutdown timeout
[23:13:41] [127.0.0.1][6fc3e844][ManagementConnection] New connection established.
[23:13:41] [127.0.0.1][a2f108af][ExtensionHostConnection] New connection established.
[23:13:41] [127.0.0.1][a2f108af][ExtensionHostConnection] <3413459> Launched Extension Host Process.
rejected promise not handled within 1 second: CodeExpectedError: Could not find pty on pty host
stack trace: CodeExpectedError: Could not find pty on pty host
    at A.U (/data/home/csmajs/hmai015/.vscode-server/bin/8b3775030ed1a69b13e4f4c628c612102e30a681/out/vs/platform/terminal/node/ptyHostMain.js:43:32377)
    at A.updateTitle (/data/home/csmajs/hmai015/.vscode-server/bin/8b3775030ed1a69b13e4f4c628c612102e30a681/out/vs/platform/terminal/node/ptyHostMain.js:43:27509)
    at T.<computed> (/data/home/csmajs/hmai015/.vscode-server/bin/8b3775030ed1a69b13e4f4c628c612102e30a681/out/vs/platform/terminal/node/ptyHostMain.js:43:22735)
    at Object.call (/data/home/csmajs/hmai015/.vscode-server/bin/8b3775030ed1a69b13e4f4c628c612102e30a681/out/vs/platform/terminal/node/ptyHostMain.js:34:5041)
    at g.s (/data/home/csmajs/hmai015/.vscode-server/bin/8b3775030ed1a69b13e4f4c628c612102e30a681/out/vs/platform/terminal/node/ptyHostMain.js:32:5153)
    at g.q (/data/home/csmajs/hmai015/.vscode-server/bin/8b3775030ed1a69b13e4f4c628c612102e30a681/out/vs/platform/terminal/node/ptyHostMain.js:32:4662)
    at a.value (/data/home/csmajs/hmai015/.vscode-server/bin/8b3775030ed1a69b13e4f4c628c612102e30a681/out/vs/platform/terminal/node/ptyHostMain.js:32:4064)
    at i.y (/data/home/csmajs/hmai015/.vscode-server/bin/8b3775030ed1a69b13e4f4c628c612102e30a681/out/vs/platform/terminal/node/ptyHostMain.js:27:1906)
    at i.fire (/data/home/csmajs/hmai015/.vscode-server/bin/8b3775030ed1a69b13e4f4c628c612102e30a681/out/vs/platform/terminal/node/ptyHostMain.js:27:2123)
    at process.ce (/data/home/csmajs/hmai015/.vscode-server/bin/8b3775030ed1a69b13e4f4c628c612102e30a681/out/vs/platform/terminal/node/ptyHostMain.js:25:10117)
    at process.emit (node:events:513:28)
    at emit (node:internal/child_process:937:14)
    at process.processTicksAndRejections (node:internal/process/task_queues:83:21)
[23:13:44] Error [CodeExpectedError]: Could not find pty on pty host
    at A.U (/data/home/csmajs/hmai015/.vscode-server/bin/8b3775030ed1a69b13e4f4c628c612102e30a681/out/vs/platform/terminal/node/ptyHostMain.js:43:32377)
    at A.updateTitle (/data/home/csmajs/hmai015/.vscode-server/bin/8b3775030ed1a69b13e4f4c628c612102e30a681/out/vs/platform/terminal/node/ptyHostMain.js:43:27509)
    at T.<computed> (/data/home/csmajs/hmai015/.vscode-server/bin/8b3775030ed1a69b13e4f4c628c612102e30a681/out/vs/platform/terminal/node/ptyHostMain.js:43:22735)
    at Object.call (/data/home/csmajs/hmai015/.vscode-server/bin/8b3775030ed1a69b13e4f4c628c612102e30a681/out/vs/platform/terminal/node/ptyHostMain.js:34:5041)
    at g.s (/data/home/csmajs/hmai015/.vscode-server/bin/8b3775030ed1a69b13e4f4c628c612102e30a681/out/vs/platform/terminal/node/ptyHostMain.js:32:5153)
    at g.q (/data/home/csmajs/hmai015/.vscode-server/bin/8b3775030ed1a69b13e4f4c628c612102e30a681/out/vs/platform/terminal/node/ptyHostMain.js:32:4662)
    at a.value (/data/home/csmajs/hmai015/.vscode-server/bin/8b3775030ed1a69b13e4f4c628c612102e30a681/out/vs/platform/terminal/node/ptyHostMain.js:32:4064)
    at i.y (/data/home/csmajs/hmai015/.vscode-server/bin/8b3775030ed1a69b13e4f4c628c612102e30a681/out/vs/platform/terminal/node/ptyHostMain.js:27:1906)
    at i.fire (/data/home/csmajs/hmai015/.vscode-server/bin/8b3775030ed1a69b13e4f4c628c612102e30a681/out/vs/platform/terminal/node/ptyHostMain.js:27:2123)
    at process.ce (/data/home/csmajs/hmai015/.vscode-server/bin/8b3775030ed1a69b13e4f4c628c612102e30a681/out/vs/platform/terminal/node/ptyHostMain.js:25:10117)
    at process.emit (node:events:513:28)
    at emit (node:internal/child_process:937:14)
    at process.processTicksAndRejections (node:internal/process/task_queues:83:21)
New EH opened, aborting shutdown
[23:18:41] New EH opened, aborting shutdown
