2024-01-11 14:26:59.798 [info] Log level: Info
2024-01-11 14:26:59.798 [info] Validating found git in: "git"
2024-01-11 14:26:59.798 [info] Using git "2.39.3" from "git"
2024-01-11 14:26:59.798 [info] > git rev-parse --show-toplevel [2ms]
2024-01-11 14:26:59.798 [info] fatal: not a git repository (or any parent up to mount point /)
Stopping at filesystem boundary (GIT_DISCOVERY_ACROSS_FILESYSTEM not set).
2024-01-11 14:26:59.798 [info] > git rev-parse --show-toplevel [1ms]
2024-01-11 14:26:59.798 [info] fatal: not a git repository (or any parent up to mount point /)
Stopping at filesystem boundary (GIT_DISCOVERY_ACROSS_FILESYSTEM not set).
2024-01-11 14:26:59.798 [info] > git rev-parse --show-toplevel [6ms]
2024-01-11 14:26:59.798 [info] fatal: not a git repository (or any parent up to mount point /)
Stopping at filesystem boundary (GIT_DISCOVERY_ACROSS_FILESYSTEM not set).
2024-01-11 14:26:59.798 [info] > git rev-parse --show-toplevel [5ms]
2024-01-11 14:26:59.798 [info] fatal: not a git repository (or any parent up to mount point /)
Stopping at filesystem boundary (GIT_DISCOVERY_ACROSS_FILESYSTEM not set).
2024-01-11 14:26:59.798 [info] > git rev-parse --show-toplevel [2ms]
2024-01-11 14:26:59.798 [info] fatal: not a git repository (or any parent up to mount point /)
Stopping at filesystem boundary (GIT_DISCOVERY_ACROSS_FILESYSTEM not set).
2024-01-11 14:26:59.798 [info] > git rev-parse --show-toplevel [2ms]
2024-01-11 14:26:59.798 [info] fatal: not a git repository (or any parent up to mount point /)
Stopping at filesystem boundary (GIT_DISCOVERY_ACROSS_FILESYSTEM not set).
2024-01-11 14:26:59.799 [info] > git rev-parse --show-toplevel [1ms]
2024-01-11 14:26:59.799 [info] fatal: not a git repository (or any parent up to mount point /)
Stopping at filesystem boundary (GIT_DISCOVERY_ACROSS_FILESYSTEM not set).
2024-01-11 14:27:54.912 [info] > git rev-parse --show-toplevel [5ms]
2024-01-11 14:27:54.912 [info] fatal: not a git repository (or any parent up to mount point /)
Stopping at filesystem boundary (GIT_DISCOVERY_ACROSS_FILESYSTEM not set).
